       _                 _           _
      | |               | |         (_)
   ___| |______ __ _  __| |_ __ ___  _ _ __
  / _ | |______/ _` |/ _` | '_ ` _ \| | '_ \
 |  __| |     | (_| | (_| | | | | | | | | | |
  \___|_|      \__,_|\__,_|_| |_| |_|_|_| |_|

 :: Spring Boot ::       (v2.6.4)
elAdmin- [31m2024-05-15 15:06:29[0;39m [32m[main][0;39m [34mINFO [0;39m [1;35mcom.cmhq.core.AppRun[0;39m - Starting AppRun v2.7 using Java 1.8.0_371 on iZwz96wbpyi40djyi2ac6vZ with PID 590751 (/usr/app/code/cmhq/cmhq-core/target/cmhq-core-2.7.jar started by root in /usr/app/code/cmhq)
elAdmin- [31m2024-05-15 15:06:29[0;39m [32m[main][0;39m [34mINFO [0;39m [1;35mcom.cmhq.core.AppRun[0;39m - The following 1 profile is active: "dev"
elAdmin- [31m2024-05-15 15:06:31[0;39m [32m[main][0;39m [34mINFO [0;39m [1;35mo.s.d.r.c.RepositoryConfigurationDelegate[0;39m - Multiple Spring Data modules found, entering strict repository configuration mode!
elAdmin- [31m2024-05-15 15:06:31[0;39m [32m[main][0;39m [34mINFO [0;39m [1;35mo.s.d.r.c.RepositoryConfigurationDelegate[0;39m - Bootstrapping Spring Data JPA repositories in DEFAULT mode.
elAdmin- [31m2024-05-15 15:06:31[0;39m [32m[main][0;39m [34mINFO [0;39m [1;35mo.s.d.r.c.RepositoryConfigurationDelegate[0;39m - Finished Spring Data repository scanning in 517 ms. Found 23 JPA repository interfaces.
elAdmin- [31m2024-05-15 15:06:34[0;39m [32m[main][0;39m [34mINFO [0;39m [1;35mo.s.b.w.e.tomcat.TomcatWebServer[0;39m - Tomcat initialized with port(s): 8000 (http)
elAdmin- [31m2024-05-15 15:06:34[0;39m [32m[main][0;39m [34mINFO [0;39m [1;35mo.a.coyote.http11.Http11NioProtocol[0;39m - Initializing ProtocolHandler ["http-nio-8000"]
elAdmin- [31m2024-05-15 15:06:34[0;39m [32m[main][0;39m [34mINFO [0;39m [1;35mo.a.catalina.core.StandardService[0;39m - Starting service [Tomcat]
elAdmin- [31m2024-05-15 15:06:34[0;39m [32m[main][0;39m [34mINFO [0;39m [1;35mo.a.catalina.core.StandardEngine[0;39m - Starting Servlet engine: [Apache Tomcat/9.0.58]
elAdmin- [31m2024-05-15 15:06:34[0;39m [32m[main][0;39m [34mINFO [0;39m [1;35mo.a.c.c.C.[Tomcat].[localhost].[/][0;39m - Initializing Spring embedded WebApplicationContext
elAdmin- [31m2024-05-15 15:06:34[0;39m [32m[main][0;39m [34mINFO [0;39m [1;35mo.s.b.w.s.c.ServletWebServerApplicationContext[0;39m - Root WebApplicationContext: initialization completed in 4671 ms
elAdmin- [31m2024-05-15 15:06:34[0;39m [32m[main][0;39m [34mINFO [0;39m [1;35mc.a.d.s.b.a.DruidDataSourceAutoConfigure[0;39m - Init DruidDataSource
elAdmin- [31m2024-05-15 15:06:35[0;39m [32m[main][0;39m [34mINFO [0;39m [1;35mc.alibaba.druid.pool.DruidDataSource[0;39m - {dataSource-1} inited
elAdmin- [31m2024-05-15 15:06:36[0;39m [32m[main][0;39m [34mINFO [0;39m [1;35mo.h.jpa.internal.util.LogHelper[0;39m - HHH000204: Processing PersistenceUnitInfo [name: default]
elAdmin- [31m2024-05-15 15:06:36[0;39m [32m[main][0;39m [34mINFO [0;39m [1;35morg.hibernate.Version[0;39m - HHH000412: Hibernate ORM core version 5.6.5.Final
elAdmin- [31m2024-05-15 15:06:36[0;39m [32m[main][0;39m [34mINFO [0;39m [1;35mo.h.annotations.common.Version[0;39m - HCANN000001: Hibernate Commons Annotations {5.1.2.Final}
elAdmin- [31m2024-05-15 15:06:36[0;39m [32m[main][0;39m [34mINFO [0;39m [1;35morg.hibernate.dialect.Dialect[0;39m - HHH000400: Using dialect: org.hibernate.dialect.MySQL5InnoDBDialect
elAdmin- [31m2024-05-15 15:06:38[0;39m [32m[main][0;39m [34mINFO [0;39m [1;35mo.h.e.t.j.p.i.JtaPlatformInitiator[0;39m - HHH000490: Using JtaPlatform implementation: [org.hibernate.engine.transaction.jta.platform.internal.NoJtaPlatform]
elAdmin- [31m2024-05-15 15:06:38[0;39m [32m[main][0;39m [34mINFO [0;39m [1;35mo.s.o.j.LocalContainerEntityManagerFactoryBean[0;39m - Initialized JPA EntityManagerFactory for persistence unit 'default'
elAdmin- [31m2024-05-15 15:06:40[0;39m [32m[main][0;39m [34mINFO [0;39m [1;35morg.quartz.impl.StdSchedulerFactory[0;39m - Using default implementation for ThreadExecutor
elAdmin- [31m2024-05-15 15:06:40[0;39m [32m[main][0;39m [34mINFO [0;39m [1;35mo.quartz.core.SchedulerSignalerImpl[0;39m - Initialized Scheduler Signaller of type: class org.quartz.core.SchedulerSignalerImpl
elAdmin- [31m2024-05-15 15:06:40[0;39m [32m[main][0;39m [34mINFO [0;39m [1;35morg.quartz.core.QuartzScheduler[0;39m - Quartz Scheduler v.2.3.2 created.
elAdmin- [31m2024-05-15 15:06:40[0;39m [32m[main][0;39m [34mINFO [0;39m [1;35morg.quartz.simpl.RAMJobStore[0;39m - RAMJobStore initialized.
elAdmin- [31m2024-05-15 15:06:40[0;39m [32m[main][0;39m [34mINFO [0;39m [1;35morg.quartz.core.QuartzScheduler[0;39m - Scheduler meta-data: Quartz Scheduler (v2.3.2) 'quartzScheduler' with instanceId 'NON_CLUSTERED'
  Scheduler class: 'org.quartz.core.QuartzScheduler' - running locally.
  NOT STARTED.
  Currently in standby mode.
  Number of jobs executed: 0
  Using thread pool 'org.quartz.simpl.SimpleThreadPool' - with 10 threads.
  Using job-store 'org.quartz.simpl.RAMJobStore' - which does not support persistence. and is not clustered.

elAdmin- [31m2024-05-15 15:06:40[0;39m [32m[main][0;39m [34mINFO [0;39m [1;35morg.quartz.impl.StdSchedulerFactory[0;39m - Quartz scheduler 'quartzScheduler' initialized from an externally provided properties instance.
elAdmin- [31m2024-05-15 15:06:40[0;39m [32m[main][0;39m [34mINFO [0;39m [1;35morg.quartz.impl.StdSchedulerFactory[0;39m - Quartz scheduler version: 2.3.2
elAdmin- [31m2024-05-15 15:06:40[0;39m [32m[main][0;39m [34mINFO [0;39m [1;35morg.quartz.core.QuartzScheduler[0;39m - JobFactory set to: org.springframework.scheduling.quartz.SpringBeanJobFactory@7baf1f5a
 _ _   |_  _ _|_. ___ _ |    _ 
| | |\/|_)(_| | |_\  |_)||_|_\ 
     /               |         
                        3.5.3.1 
elAdmin- [31m2024-05-15 15:06:42[0;39m [32m[Thread-2][0;39m [34mINFO [0;39m [1;35mc.c.c.config.SqlStatementInterceptor[0;39m - 
==begin==
com.cmhq.core.dao.FaCompanyCostDao.selectList：SELECT id,pro_f,pro_d,city_f,city_d,address,area,price_init,price_init_to,price,price_to,courier_company_code FROM fa_company_cost
==end==

elAdmin- [31m2024-05-15 15:06:43[0;39m [32m[main][0;39m [34mINFO [0;39m [1;35mme.zhengjie.config.RedisConfig[0;39m - 初始化 -> [Redis CacheErrorHandler]
elAdmin- [31m2024-05-15 15:06:43[0;39m [32m[main][0;39m [34mINFO [0;39m [1;35mo.s.s.web.DefaultSecurityFilterChain[0;39m - Will not secure any request
elAdmin- [31m2024-05-15 15:06:44[0;39m [32m[main][0;39m [34mINFO [0;39m [1;35mo.a.coyote.http11.Http11NioProtocol[0;39m - Starting ProtocolHandler ["http-nio-8000"]
elAdmin- [31m2024-05-15 15:06:44[0;39m [32m[main][0;39m [34mINFO [0;39m [1;35mo.s.b.w.e.tomcat.TomcatWebServer[0;39m - Tomcat started on port(s): 8000 (http) with context path ''
elAdmin- [31m2024-05-15 15:06:47[0;39m [32m[main][0;39m [34mINFO [0;39m [1;35mo.s.s.quartz.SchedulerFactoryBean[0;39m - Starting Quartz Scheduler now
elAdmin- [31m2024-05-15 15:06:47[0;39m [32m[main][0;39m [34mINFO [0;39m [1;35morg.quartz.core.QuartzScheduler[0;39m - Scheduler quartzScheduler_$_NON_CLUSTERED started.
elAdmin- [31m2024-05-15 15:06:47[0;39m [32m[main][0;39m [34mINFO [0;39m [1;35mcom.cmhq.core.AppRun[0;39m - Started AppRun in 18.562 seconds (JVM running for 19.618)
elAdmin- [31m2024-05-15 15:06:47[0;39m [32m[main][0;39m [39mDEBUG[0;39m [1;35morg.hibernate.SQL[0;39m - select quartzjob0_.job_id as job_id1_15_, quartzjob0_.create_by as create_b2_15_, quartzjob0_.create_time as create_t3_15_, quartzjob0_.update_by as update_b4_15_, quartzjob0_.update_time as update_t5_15_, quartzjob0_.bean_name as bean_nam6_15_, quartzjob0_.cron_expression as cron_exp7_15_, quartzjob0_.description as descript8_15_, quartzjob0_.email as email9_15_, quartzjob0_.is_pause as is_paus10_15_, quartzjob0_.job_name as job_nam11_15_, quartzjob0_.method_name as method_12_15_, quartzjob0_.params as params13_15_, quartzjob0_.pause_after_failure as pause_a14_15_, quartzjob0_.person_in_charge as person_15_15_, quartzjob0_.sub_task as sub_tas16_15_ from sys_quartz_job quartzjob0_ where quartzjob0_.is_pause=0
Hibernate: select quartzjob0_.job_id as job_id1_15_, quartzjob0_.create_by as create_b2_15_, quartzjob0_.create_time as create_t3_15_, quartzjob0_.update_by as update_b4_15_, quartzjob0_.update_time as update_t5_15_, quartzjob0_.bean_name as bean_nam6_15_, quartzjob0_.cron_expression as cron_exp7_15_, quartzjob0_.description as descript8_15_, quartzjob0_.email as email9_15_, quartzjob0_.is_pause as is_paus10_15_, quartzjob0_.job_name as job_nam11_15_, quartzjob0_.method_name as method_12_15_, quartzjob0_.params as params13_15_, quartzjob0_.pause_after_failure as pause_a14_15_, quartzjob0_.person_in_charge as person_15_15_, quartzjob0_.sub_task as sub_tas16_15_ from sys_quartz_job quartzjob0_ where quartzjob0_.is_pause=0
elAdmin- [31m2024-05-15 15:06:47[0;39m [32m[main][0;39m [34mINFO [0;39m [1;35mm.z.modules.quartz.config.JobRunner[0;39m - Timing task injection complete
elAdmin- [31m2024-05-15 15:06:47[0;39m [32m[Thread-2][0;39m [1;31mERROR[0;39m [1;35mc.a.druid.filter.stat.StatFilter[0;39m - slow sql 5339 millis. SELECT  id,pro_f,pro_d,city_f,city_d,address,area,price_init,price_init_to,price,price_to,courier_company_code  FROM fa_company_cost[]
elAdmin- [31m2024-05-15 15:06:49[0;39m [32m[Thread-2][0;39m [1;31mERROR[0;39m [1;35mc.c.c.config.SqlStatementInterceptor[0;39m - com.cmhq.core.dao.FaCompanyCostDao.selectList:耗时【7.593】秒:

elAdmin- [31m2024-05-15 15:07:08[0;39m [32m[http-nio-8000-exec-1][0;39m [34mINFO [0;39m [1;35mo.a.c.c.C.[Tomcat].[localhost].[/][0;39m - Initializing Spring DispatcherServlet 'dispatcherServlet'
elAdmin- [31m2024-05-15 15:07:08[0;39m [32m[http-nio-8000-exec-1][0;39m [34mINFO [0;39m [1;35mo.s.web.servlet.DispatcherServlet[0;39m - Initializing Servlet 'dispatcherServlet'
elAdmin- [31m2024-05-15 15:07:08[0;39m [32m[http-nio-8000-exec-1][0;39m [34mINFO [0;39m [1;35mo.s.web.servlet.DispatcherServlet[0;39m - Completed initialization in 2 ms
elAdmin- [31m2024-05-15 15:07:09[0;39m [32m[http-nio-8000-exec-3][0;39m [39mDEBUG[0;39m [1;35morg.hibernate.SQL[0;39m - select user0_.user_id as user_id1_20_, user0_.create_by as create_b2_20_, user0_.create_time as create_t3_20_, user0_.update_by as update_b4_20_, user0_.update_time as update_t5_20_, user0_.avatar_name as avatar_n6_20_, user0_.avatar_path as avatar_p7_20_, user0_.company_id as company_8_20_, user0_.dept_id as dept_id19_20_, user0_.email as email9_20_, user0_.enabled as enabled10_20_, user0_.gender as gender11_20_, user0_.is_admin as is_admi12_20_, user0_.nick_name as nick_na13_20_, user0_.password as passwor14_20_, user0_.phone as phone15_20_, user0_.platform as platfor16_20_, user0_.pwd_reset_time as pwd_res17_20_, user0_.username as usernam18_20_ from sys_user user0_ left outer join sys_childuser user0_1_ on user0_.user_id=user0_1_.user_id where user0_.username=?
Hibernate: select user0_.user_id as user_id1_20_, user0_.create_by as create_b2_20_, user0_.create_time as create_t3_20_, user0_.update_by as update_b4_20_, user0_.update_time as update_t5_20_, user0_.avatar_name as avatar_n6_20_, user0_.avatar_path as avatar_p7_20_, user0_.company_id as company_8_20_, user0_.dept_id as dept_id19_20_, user0_.email as email9_20_, user0_.enabled as enabled10_20_, user0_.gender as gender11_20_, user0_.is_admin as is_admi12_20_, user0_.nick_name as nick_na13_20_, user0_.password as passwor14_20_, user0_.phone as phone15_20_, user0_.platform as platfor16_20_, user0_.pwd_reset_time as pwd_res17_20_, user0_.username as usernam18_20_ from sys_user user0_ left outer join sys_childuser user0_1_ on user0_.user_id=user0_1_.user_id where user0_.username=?
elAdmin- [31m2024-05-15 15:07:09[0;39m [32m[http-nio-8000-exec-3][0;39m [39mTRACE[0;39m [1;35mo.h.type.descriptor.sql.BasicBinder[0;39m - binding parameter [1] as [VARCHAR] - [cmhq]
elAdmin- [31m2024-05-15 15:07:09[0;39m [32m[http-nio-8000-exec-3][0;39m [39mDEBUG[0;39m [1;35morg.hibernate.SQL[0;39m - select dept0_.dept_id as dept_id1_9_0_, dept0_.create_by as create_b2_9_0_, dept0_.create_time as create_t3_9_0_, dept0_.update_by as update_b4_9_0_, dept0_.update_time as update_t5_9_0_, dept0_.dept_sort as dept_sor6_9_0_, dept0_.enabled as enabled7_9_0_, dept0_.name as name8_9_0_, dept0_.pid as pid9_9_0_, dept0_.sub_count as sub_cou10_9_0_ from sys_dept dept0_ where dept0_.dept_id=?
Hibernate: select dept0_.dept_id as dept_id1_9_0_, dept0_.create_by as create_b2_9_0_, dept0_.create_time as create_t3_9_0_, dept0_.update_by as update_b4_9_0_, dept0_.update_time as update_t5_9_0_, dept0_.dept_sort as dept_sor6_9_0_, dept0_.enabled as enabled7_9_0_, dept0_.name as name8_9_0_, dept0_.pid as pid9_9_0_, dept0_.sub_count as sub_cou10_9_0_ from sys_dept dept0_ where dept0_.dept_id=?
elAdmin- [31m2024-05-15 15:07:09[0;39m [32m[http-nio-8000-exec-3][0;39m [39mTRACE[0;39m [1;35mo.h.type.descriptor.sql.BasicBinder[0;39m - binding parameter [1] as [BIGINT] - [23]
elAdmin- [31m2024-05-15 15:07:09[0;39m [32m[http-nio-8000-exec-3][0;39m [39mDEBUG[0;39m [1;35morg.hibernate.SQL[0;39m - select childuser0_.user_id as user_id1_8_0_, childuser0_.cancel_max_money as cancel_m2_8_0_, childuser0_.cancel_max_num as cancel_m3_8_0_, childuser0_.child_company_id as child_co4_8_0_, childuser0_.zi_max_money as zi_max_m5_8_0_, childuser0_.zi_max_num as zi_max_n6_8_0_, childuser0_.zi_one_max_money as zi_one_m7_8_0_ from sys_childuser childuser0_ where childuser0_.user_id=?
Hibernate: select childuser0_.user_id as user_id1_8_0_, childuser0_.cancel_max_money as cancel_m2_8_0_, childuser0_.cancel_max_num as cancel_m3_8_0_, childuser0_.child_company_id as child_co4_8_0_, childuser0_.zi_max_money as zi_max_m5_8_0_, childuser0_.zi_max_num as zi_max_n6_8_0_, childuser0_.zi_one_max_money as zi_one_m7_8_0_ from sys_childuser childuser0_ where childuser0_.user_id=?
elAdmin- [31m2024-05-15 15:07:09[0;39m [32m[http-nio-8000-exec-3][0;39m [39mTRACE[0;39m [1;35mo.h.type.descriptor.sql.BasicBinder[0;39m - binding parameter [1] as [BIGINT] - [46]
elAdmin- [31m2024-05-15 15:07:09[0;39m [32m[http-nio-8000-exec-3][0;39m [39mDEBUG[0;39m [1;35morg.hibernate.SQL[0;39m - select roles0_.user_id as user_id1_22_0_, roles0_.role_id as role_id2_22_0_, role1_.role_id as role_id1_17_1_, role1_.create_by as create_b2_17_1_, role1_.create_time as create_t3_17_1_, role1_.update_by as update_b4_17_1_, role1_.update_time as update_t5_17_1_, role1_.data_scope as data_sco6_17_1_, role1_.description as descript7_17_1_, role1_.level as level8_17_1_, role1_.name as name9_17_1_ from sys_users_roles roles0_ inner join sys_role role1_ on roles0_.role_id=role1_.role_id where roles0_.user_id=?
Hibernate: select roles0_.user_id as user_id1_22_0_, roles0_.role_id as role_id2_22_0_, role1_.role_id as role_id1_17_1_, role1_.create_by as create_b2_17_1_, role1_.create_time as create_t3_17_1_, role1_.update_by as update_b4_17_1_, role1_.update_time as update_t5_17_1_, role1_.data_scope as data_sco6_17_1_, role1_.description as descript7_17_1_, role1_.level as level8_17_1_, role1_.name as name9_17_1_ from sys_users_roles roles0_ inner join sys_role role1_ on roles0_.role_id=role1_.role_id where roles0_.user_id=?
elAdmin- [31m2024-05-15 15:07:09[0;39m [32m[http-nio-8000-exec-3][0;39m [39mTRACE[0;39m [1;35mo.h.type.descriptor.sql.BasicBinder[0;39m - binding parameter [1] as [BIGINT] - [46]
elAdmin- [31m2024-05-15 15:07:09[0;39m [32m[http-nio-8000-exec-3][0;39m [39mDEBUG[0;39m [1;35morg.hibernate.SQL[0;39m - select menus0_.role_id as role_id1_19_0_, menus0_.menu_id as menu_id2_19_0_, menu1_.menu_id as menu_id1_14_1_, menu1_.create_by as create_b2_14_1_, menu1_.create_time as create_t3_14_1_, menu1_.update_by as update_b4_14_1_, menu1_.update_time as update_t5_14_1_, menu1_.cache as cache6_14_1_, menu1_.component as componen7_14_1_, menu1_.name as name8_14_1_, menu1_.hidden as hidden9_14_1_, menu1_.i_frame as i_frame10_14_1_, menu1_.icon as icon11_14_1_, menu1_.menu_sort as menu_so12_14_1_, menu1_.path as path13_14_1_, menu1_.permission as permiss14_14_1_, menu1_.pid as pid15_14_1_, menu1_.sub_count as sub_cou16_14_1_, menu1_.title as title17_14_1_, menu1_.type as type18_14_1_ from sys_roles_menus menus0_ inner join sys_menu menu1_ on menus0_.menu_id=menu1_.menu_id where menus0_.role_id=?
Hibernate: select menus0_.role_id as role_id1_19_0_, menus0_.menu_id as menu_id2_19_0_, menu1_.menu_id as menu_id1_14_1_, menu1_.create_by as create_b2_14_1_, menu1_.create_time as create_t3_14_1_, menu1_.update_by as update_b4_14_1_, menu1_.update_time as update_t5_14_1_, menu1_.cache as cache6_14_1_, menu1_.component as componen7_14_1_, menu1_.name as name8_14_1_, menu1_.hidden as hidden9_14_1_, menu1_.i_frame as i_frame10_14_1_, menu1_.icon as icon11_14_1_, menu1_.menu_sort as menu_so12_14_1_, menu1_.path as path13_14_1_, menu1_.permission as permiss14_14_1_, menu1_.pid as pid15_14_1_, menu1_.sub_count as sub_cou16_14_1_, menu1_.title as title17_14_1_, menu1_.type as type18_14_1_ from sys_roles_menus menus0_ inner join sys_menu menu1_ on menus0_.menu_id=menu1_.menu_id where menus0_.role_id=?
elAdmin- [31m2024-05-15 15:07:09[0;39m [32m[http-nio-8000-exec-3][0;39m [39mTRACE[0;39m [1;35mo.h.type.descriptor.sql.BasicBinder[0;39m - binding parameter [1] as [BIGINT] - [6]
elAdmin- [31m2024-05-15 15:07:09[0;39m [32m[http-nio-8000-exec-3][0;39m [39mDEBUG[0;39m [1;35morg.hibernate.SQL[0;39m - select jobs0_.user_id as user_id1_21_0_, jobs0_.job_id as job_id2_21_0_, job1_.job_id as job_id1_12_1_, job1_.create_by as create_b2_12_1_, job1_.create_time as create_t3_12_1_, job1_.update_by as update_b4_12_1_, job1_.update_time as update_t5_12_1_, job1_.enabled as enabled6_12_1_, job1_.job_sort as job_sort7_12_1_, job1_.name as name8_12_1_ from sys_users_jobs jobs0_ inner join sys_job job1_ on jobs0_.job_id=job1_.job_id where jobs0_.user_id=?
Hibernate: select jobs0_.user_id as user_id1_21_0_, jobs0_.job_id as job_id2_21_0_, job1_.job_id as job_id1_12_1_, job1_.create_by as create_b2_12_1_, job1_.create_time as create_t3_12_1_, job1_.update_by as update_b4_12_1_, job1_.update_time as update_t5_12_1_, job1_.enabled as enabled6_12_1_, job1_.job_sort as job_sort7_12_1_, job1_.name as name8_12_1_ from sys_users_jobs jobs0_ inner join sys_job job1_ on jobs0_.job_id=job1_.job_id where jobs0_.user_id=?
elAdmin- [31m2024-05-15 15:07:09[0;39m [32m[http-nio-8000-exec-3][0;39m [39mTRACE[0;39m [1;35mo.h.type.descriptor.sql.BasicBinder[0;39m - binding parameter [1] as [BIGINT] - [46]
elAdmin- [31m2024-05-15 15:07:10[0;39m [32m[http-nio-8000-exec-4][0;39m [39mDEBUG[0;39m [1;35morg.hibernate.SQL[0;39m - select user0_.user_id as user_id1_20_, user0_.create_by as create_b2_20_, user0_.create_time as create_t3_20_, user0_.update_by as update_b4_20_, user0_.update_time as update_t5_20_, user0_.avatar_name as avatar_n6_20_, user0_.avatar_path as avatar_p7_20_, user0_.company_id as company_8_20_, user0_.dept_id as dept_id19_20_, user0_.email as email9_20_, user0_.enabled as enabled10_20_, user0_.gender as gender11_20_, user0_.is_admin as is_admi12_20_, user0_.nick_name as nick_na13_20_, user0_.password as passwor14_20_, user0_.phone as phone15_20_, user0_.platform as platfor16_20_, user0_.pwd_reset_time as pwd_res17_20_, user0_.username as usernam18_20_ from sys_user user0_ left outer join sys_childuser user0_1_ on user0_.user_id=user0_1_.user_id where user0_.username=?
Hibernate: select user0_.user_id as user_id1_20_, user0_.create_by as create_b2_20_, user0_.create_time as create_t3_20_, user0_.update_by as update_b4_20_, user0_.update_time as update_t5_20_, user0_.avatar_name as avatar_n6_20_, user0_.avatar_path as avatar_p7_20_, user0_.company_id as company_8_20_, user0_.dept_id as dept_id19_20_, user0_.email as email9_20_, user0_.enabled as enabled10_20_, user0_.gender as gender11_20_, user0_.is_admin as is_admi12_20_, user0_.nick_name as nick_na13_20_, user0_.password as passwor14_20_, user0_.phone as phone15_20_, user0_.platform as platfor16_20_, user0_.pwd_reset_time as pwd_res17_20_, user0_.username as usernam18_20_ from sys_user user0_ left outer join sys_childuser user0_1_ on user0_.user_id=user0_1_.user_id where user0_.username=?
elAdmin- [31m2024-05-15 15:07:10[0;39m [32m[http-nio-8000-exec-4][0;39m [39mTRACE[0;39m [1;35mo.h.type.descriptor.sql.BasicBinder[0;39m - binding parameter [1] as [VARCHAR] - [cmhq]
elAdmin- [31m2024-05-15 15:07:10[0;39m [32m[http-nio-8000-exec-4][0;39m [39mDEBUG[0;39m [1;35morg.hibernate.SQL[0;39m - select dept0_.dept_id as dept_id1_9_0_, dept0_.create_by as create_b2_9_0_, dept0_.create_time as create_t3_9_0_, dept0_.update_by as update_b4_9_0_, dept0_.update_time as update_t5_9_0_, dept0_.dept_sort as dept_sor6_9_0_, dept0_.enabled as enabled7_9_0_, dept0_.name as name8_9_0_, dept0_.pid as pid9_9_0_, dept0_.sub_count as sub_cou10_9_0_ from sys_dept dept0_ where dept0_.dept_id=?
Hibernate: select dept0_.dept_id as dept_id1_9_0_, dept0_.create_by as create_b2_9_0_, dept0_.create_time as create_t3_9_0_, dept0_.update_by as update_b4_9_0_, dept0_.update_time as update_t5_9_0_, dept0_.dept_sort as dept_sor6_9_0_, dept0_.enabled as enabled7_9_0_, dept0_.name as name8_9_0_, dept0_.pid as pid9_9_0_, dept0_.sub_count as sub_cou10_9_0_ from sys_dept dept0_ where dept0_.dept_id=?
elAdmin- [31m2024-05-15 15:07:10[0;39m [32m[http-nio-8000-exec-4][0;39m [39mTRACE[0;39m [1;35mo.h.type.descriptor.sql.BasicBinder[0;39m - binding parameter [1] as [BIGINT] - [23]
elAdmin- [31m2024-05-15 15:07:10[0;39m [32m[http-nio-8000-exec-4][0;39m [39mDEBUG[0;39m [1;35morg.hibernate.SQL[0;39m - select childuser0_.user_id as user_id1_8_0_, childuser0_.cancel_max_money as cancel_m2_8_0_, childuser0_.cancel_max_num as cancel_m3_8_0_, childuser0_.child_company_id as child_co4_8_0_, childuser0_.zi_max_money as zi_max_m5_8_0_, childuser0_.zi_max_num as zi_max_n6_8_0_, childuser0_.zi_one_max_money as zi_one_m7_8_0_ from sys_childuser childuser0_ where childuser0_.user_id=?
Hibernate: select childuser0_.user_id as user_id1_8_0_, childuser0_.cancel_max_money as cancel_m2_8_0_, childuser0_.cancel_max_num as cancel_m3_8_0_, childuser0_.child_company_id as child_co4_8_0_, childuser0_.zi_max_money as zi_max_m5_8_0_, childuser0_.zi_max_num as zi_max_n6_8_0_, childuser0_.zi_one_max_money as zi_one_m7_8_0_ from sys_childuser childuser0_ where childuser0_.user_id=?
elAdmin- [31m2024-05-15 15:07:10[0;39m [32m[http-nio-8000-exec-4][0;39m [39mTRACE[0;39m [1;35mo.h.type.descriptor.sql.BasicBinder[0;39m - binding parameter [1] as [BIGINT] - [46]
elAdmin- [31m2024-05-15 15:07:10[0;39m [32m[http-nio-8000-exec-4][0;39m [39mDEBUG[0;39m [1;35morg.hibernate.SQL[0;39m - select roles0_.user_id as user_id1_22_0_, roles0_.role_id as role_id2_22_0_, role1_.role_id as role_id1_17_1_, role1_.create_by as create_b2_17_1_, role1_.create_time as create_t3_17_1_, role1_.update_by as update_b4_17_1_, role1_.update_time as update_t5_17_1_, role1_.data_scope as data_sco6_17_1_, role1_.description as descript7_17_1_, role1_.level as level8_17_1_, role1_.name as name9_17_1_ from sys_users_roles roles0_ inner join sys_role role1_ on roles0_.role_id=role1_.role_id where roles0_.user_id=?
Hibernate: select roles0_.user_id as user_id1_22_0_, roles0_.role_id as role_id2_22_0_, role1_.role_id as role_id1_17_1_, role1_.create_by as create_b2_17_1_, role1_.create_time as create_t3_17_1_, role1_.update_by as update_b4_17_1_, role1_.update_time as update_t5_17_1_, role1_.data_scope as data_sco6_17_1_, role1_.description as descript7_17_1_, role1_.level as level8_17_1_, role1_.name as name9_17_1_ from sys_users_roles roles0_ inner join sys_role role1_ on roles0_.role_id=role1_.role_id where roles0_.user_id=?
elAdmin- [31m2024-05-15 15:07:10[0;39m [32m[http-nio-8000-exec-4][0;39m [39mTRACE[0;39m [1;35mo.h.type.descriptor.sql.BasicBinder[0;39m - binding parameter [1] as [BIGINT] - [46]
elAdmin- [31m2024-05-15 15:07:10[0;39m [32m[http-nio-8000-exec-4][0;39m [39mDEBUG[0;39m [1;35morg.hibernate.SQL[0;39m - select menus0_.role_id as role_id1_19_0_, menus0_.menu_id as menu_id2_19_0_, menu1_.menu_id as menu_id1_14_1_, menu1_.create_by as create_b2_14_1_, menu1_.create_time as create_t3_14_1_, menu1_.update_by as update_b4_14_1_, menu1_.update_time as update_t5_14_1_, menu1_.cache as cache6_14_1_, menu1_.component as componen7_14_1_, menu1_.name as name8_14_1_, menu1_.hidden as hidden9_14_1_, menu1_.i_frame as i_frame10_14_1_, menu1_.icon as icon11_14_1_, menu1_.menu_sort as menu_so12_14_1_, menu1_.path as path13_14_1_, menu1_.permission as permiss14_14_1_, menu1_.pid as pid15_14_1_, menu1_.sub_count as sub_cou16_14_1_, menu1_.title as title17_14_1_, menu1_.type as type18_14_1_ from sys_roles_menus menus0_ inner join sys_menu menu1_ on menus0_.menu_id=menu1_.menu_id where menus0_.role_id=?
Hibernate: select menus0_.role_id as role_id1_19_0_, menus0_.menu_id as menu_id2_19_0_, menu1_.menu_id as menu_id1_14_1_, menu1_.create_by as create_b2_14_1_, menu1_.create_time as create_t3_14_1_, menu1_.update_by as update_b4_14_1_, menu1_.update_time as update_t5_14_1_, menu1_.cache as cache6_14_1_, menu1_.component as componen7_14_1_, menu1_.name as name8_14_1_, menu1_.hidden as hidden9_14_1_, menu1_.i_frame as i_frame10_14_1_, menu1_.icon as icon11_14_1_, menu1_.menu_sort as menu_so12_14_1_, menu1_.path as path13_14_1_, menu1_.permission as permiss14_14_1_, menu1_.pid as pid15_14_1_, menu1_.sub_count as sub_cou16_14_1_, menu1_.title as title17_14_1_, menu1_.type as type18_14_1_ from sys_roles_menus menus0_ inner join sys_menu menu1_ on menus0_.menu_id=menu1_.menu_id where menus0_.role_id=?
elAdmin- [31m2024-05-15 15:07:10[0;39m [32m[http-nio-8000-exec-4][0;39m [39mTRACE[0;39m [1;35mo.h.type.descriptor.sql.BasicBinder[0;39m - binding parameter [1] as [BIGINT] - [6]
elAdmin- [31m2024-05-15 15:07:10[0;39m [32m[http-nio-8000-exec-4][0;39m [39mDEBUG[0;39m [1;35morg.hibernate.SQL[0;39m - select jobs0_.user_id as user_id1_21_0_, jobs0_.job_id as job_id2_21_0_, job1_.job_id as job_id1_12_1_, job1_.create_by as create_b2_12_1_, job1_.create_time as create_t3_12_1_, job1_.update_by as update_b4_12_1_, job1_.update_time as update_t5_12_1_, job1_.enabled as enabled6_12_1_, job1_.job_sort as job_sort7_12_1_, job1_.name as name8_12_1_ from sys_users_jobs jobs0_ inner join sys_job job1_ on jobs0_.job_id=job1_.job_id where jobs0_.user_id=?
Hibernate: select jobs0_.user_id as user_id1_21_0_, jobs0_.job_id as job_id2_21_0_, job1_.job_id as job_id1_12_1_, job1_.create_by as create_b2_12_1_, job1_.create_time as create_t3_12_1_, job1_.update_by as update_b4_12_1_, job1_.update_time as update_t5_12_1_, job1_.enabled as enabled6_12_1_, job1_.job_sort as job_sort7_12_1_, job1_.name as name8_12_1_ from sys_users_jobs jobs0_ inner join sys_job job1_ on jobs0_.job_id=job1_.job_id where jobs0_.user_id=?
elAdmin- [31m2024-05-15 15:07:10[0;39m [32m[http-nio-8000-exec-4][0;39m [39mTRACE[0;39m [1;35mo.h.type.descriptor.sql.BasicBinder[0;39m - binding parameter [1] as [BIGINT] - [46]
elAdmin- [31m2024-05-15 15:07:11[0;39m [32m[http-nio-8000-exec-8][0;39m [34mINFO [0;39m [1;35mc.c.c.config.SqlStatementInterceptor[0;39m - 
==begin==
com.cmhq.core.dao.FaUserDao.selectList_COUNT：SELECT id,group_id,username,nickname,password,salt,email,mobile,avatar,level,gender,birthday,idcard,money,score,successions,maxsuccessions,prevtime,logintime,loginip,loginfailure,joinip,jointime,createtime,updatetime,token,status,verification,openid,unionid,max_withdrawal_num,max_withdrawal_money,zhi_account,zhi_name,withdrawal_max_money,withdrawal_max_num,smscode,address,tixian,yongjin,delkid FROM fa_user
==end==

elAdmin- [31m2024-05-15 15:07:11[0;39m [32m[http-nio-8000-exec-7][0;39m [34mINFO [0;39m [1;35mc.c.c.config.SqlStatementInterceptor[0;39m - 
==begin==
com.cmhq.core.dao.FaCompanyDao.selectList_COUNT：SELECT id,company_name,mobile,password,f_user,distribution_ratio,cancel_max_num,cancel_max_money,ratio,money,estimate_price,is_freeze,check_weight_type,check_weight_num,check_weight_ratio,create_time,fid,status,avatar,zi_max_num,zi_max_money,zi_one_max_money,name,ordertips,hobbydata,currdaydate,is_delete FROM fa_company WHERE (fid = 0 AND is_delete = 'N')
==end==

elAdmin- [31m2024-05-15 15:07:11[0;39m [32m[http-nio-8000-exec-8][0;39m [34mINFO [0;39m [1;35mc.c.c.config.SqlStatementInterceptor[0;39m - 
==begin==
com.cmhq.core.dao.FaUserDao.selectList：SELECT id,group_id,username,nickname,password,salt,email,mobile,avatar,level,gender,birthday,idcard,money,score,successions,maxsuccessions,prevtime,logintime,loginip,loginfailure,joinip,jointime,createtime,updatetime,token,status,verification,openid,unionid,max_withdrawal_num,max_withdrawal_money,zhi_account,zhi_name,withdrawal_max_money,withdrawal_max_num,smscode,address,tixian,yongjin,delkid FROM fa_user
==end==

elAdmin- [31m2024-05-15 15:07:11[0;39m [32m[http-nio-8000-exec-7][0;39m [34mINFO [0;39m [1;35mc.c.c.config.SqlStatementInterceptor[0;39m - 
==begin==
com.cmhq.core.dao.FaCompanyDao.selectList：SELECT id,company_name,mobile,password,f_user,distribution_ratio,cancel_max_num,cancel_max_money,ratio,money,estimate_price,is_freeze,check_weight_type,check_weight_num,check_weight_ratio,create_time,fid,status,avatar,zi_max_num,zi_max_money,zi_one_max_money,name,ordertips,hobbydata,currdaydate,is_delete FROM fa_company WHERE (fid = 0 AND is_delete = 'N')
==end==

elAdmin- [31m2024-05-15 15:08:23[0;39m [32m[SpringApplicationShutdownHook][0;39m [34mINFO [0;39m [1;35morg.quartz.core.QuartzScheduler[0;39m - Scheduler quartzScheduler_$_NON_CLUSTERED paused.
elAdmin- [31m2024-05-15 15:08:23[0;39m [32m[SpringApplicationShutdownHook][0;39m [34mINFO [0;39m [1;35mo.s.s.quartz.SchedulerFactoryBean[0;39m - Shutting down Quartz Scheduler
elAdmin- [31m2024-05-15 15:08:23[0;39m [32m[SpringApplicationShutdownHook][0;39m [34mINFO [0;39m [1;35morg.quartz.core.QuartzScheduler[0;39m - Scheduler quartzScheduler_$_NON_CLUSTERED shutting down.
elAdmin- [31m2024-05-15 15:08:23[0;39m [32m[SpringApplicationShutdownHook][0;39m [34mINFO [0;39m [1;35morg.quartz.core.QuartzScheduler[0;39m - Scheduler quartzScheduler_$_NON_CLUSTERED paused.
elAdmin- [31m2024-05-15 15:08:23[0;39m [32m[SpringApplicationShutdownHook][0;39m [34mINFO [0;39m [1;35morg.quartz.core.QuartzScheduler[0;39m - Scheduler quartzScheduler_$_NON_CLUSTERED shutdown complete.
elAdmin- [31m2024-05-15 15:08:23[0;39m [32m[SpringApplicationShutdownHook][0;39m [34mINFO [0;39m [1;35mo.s.o.j.LocalContainerEntityManagerFactoryBean[0;39m - Closing JPA EntityManagerFactory for persistence unit 'default'
elAdmin- [31m2024-05-15 15:08:23[0;39m [32m[SpringApplicationShutdownHook][0;39m [34mINFO [0;39m [1;35mc.alibaba.druid.pool.DruidDataSource[0;39m - {dataSource-1} closing ...
elAdmin- [31m2024-05-15 15:08:23[0;39m [32m[SpringApplicationShutdownHook][0;39m [34mINFO [0;39m [1;35mc.alibaba.druid.pool.DruidDataSource[0;39m - {dataSource-1} closed
